ptp4l[484391.620]: port 1 (enxb827ebcf092b): INITIALIZING to SLAVE on INIT_COMPLETE
ptp4l[484391.622]: port 0 (/var/run/ptp4l): INITIALIZING to LISTENING on INIT_COMPLETE
ptp4l[484391.623]: port 0 (/var/run/ptp4lro): INITIALIZING to LISTENING on INIT_COMPLETE
ptp4l[484398.036]: master offset    -187778 s0 freq   -4500 path delay    239817
ptp4l[484399.037]: master offset    -214153 s0 freq   -4500 path delay    278536
ptp4l[484400.037]: master offset    -227897 s0 freq   -4500 path delay    274668
ptp4l[484401.037]: master offset    -217222 s0 freq   -4500 path delay    274668
ptp4l[484402.037]: master offset    -243344 s0 freq   -4500 path delay    304837
ptp4l[484403.405]: master offset    -262744 s0 freq   -4500 path delay    304837
ptp4l[484404.038]: master offset    -219729 s0 freq   -4500 path delay    274668
ptp4l[484405.385]: master offset    -189667 s0 freq   -4500 path delay    274668
ptp4l[484406.038]: master offset    -200074 s0 freq   -4500 path delay    268842
ptp4l[484407.039]: master offset    -220219 s0 freq   -4500 path delay    274668
ptp4l[484408.285]: master offset    -252950 s0 freq   -4500 path delay    268842
ptp4l[484409.039]: master offset    -240348 s0 freq   -4500 path delay    268842
ptp4l[484410.039]: master offset    -197163 s0 freq   -4500 path delay    268842
ptp4l[484411.039]: master offset    -241989 s0 freq   -4500 path delay    272893
ptp4l[484412.039]: master offset    -211818 s0 freq   -4500 path delay    261134
ptp4l[484413.049]: master offset    -260937 s0 freq   -4500 path delay    284469
ptp4l[484414.294]: master offset    -260737 s1 freq   -8987 path delay    284469
ptp4l[484415.402]: master offset     -10669 s2 freq  -10065 path delay    284469
ptp4l[484416.040]: master offset      52293 s2 freq   -3716 path delay    286280
ptp4l[484417.511]: master offset        445 s2 freq   -8901 path delay    286280
ptp4l[484418.050]: master offset      60967 s2 freq   -2788 path delay    292526
ptp4l[484419.271]: master offset     -15996 s2 freq  -10500 path delay    292526
ptp4l[484420.041]: master offset      10925 s2 freq   -7797 path delay    292526
ptp4l[484421.041]: master offset       8873 s2 freq   -7993 path delay    300147
ptp4l[484422.041]: master offset     -36975 s2 freq  -12615 path delay    303211
ptp4l[484423.051]: master offset      29130 s2 freq   -5975 path delay    303211
ptp4l[484424.042]: master offset       9126 s2 freq   -7967 path delay    306995
ptp4l[484425.042]: master offset     -14015 s2 freq  -10295 path delay    306995
ptp4l[484426.042]: master offset     -24103 s2 freq  -11328 path delay    309202
ptp4l[484427.042]: master offset     -21280 s2 freq  -11067 path delay    309709
ptp4l[484428.052]: master offset      37092 s2 freq   -5192 path delay    309202
ptp4l[484429.043]: master offset      15847 s2 freq   -7301 path delay    300968
ptp4l[484430.043]: master offset       6356 s2 freq   -8244 path delay    292718
ptp4l[484431.043]: master offset      39586 s2 freq   -4881 path delay    292718
ptp4l[484432.044]: master offset       4799 s2 freq   -8355 path delay    289172
ptp4l[484433.053]: master offset      39257 s2 freq   -4870 path delay    289172
ptp4l[484434.044]: master offset       4197 s2 freq   -8372 path delay    292718
ptp4l[484435.044]: master offset       8608 s2 freq   -7922 path delay    292718
ptp4l[484436.110]: master offset      12560 s2 freq   -7514 path delay    292718
ptp4l[484437.044]: master offset       6199 s2 freq   -8144 path delay    296840
ptp4l[484438.054]: master offset       -226 s2 freq   -8787 path delay    316493
ptp4l[484439.045]: master offset     -28919 s2 freq  -11685 path delay    338549
ptp4l[484440.045]: master offset       5320 s2 freq   -8256 path delay    322133
ptp4l[484441.480]: master offset      -7518 s2 freq   -9547 path delay    322133
ptp4l[484442.862]: master offset     -24630 s2 freq  -11283 path delay    305985
ptp4l[484443.910]: master offset      39842 s2 freq   -4796 path delay    305985
ptp4l[484444.046]: master offset      26126 s2 freq   -6142 path delay    296215
ptp4l[484445.046]: master offset      15062 s2 freq   -7233 path delay    310421
ptp4l[484446.619]: master offset      12595 s2 freq   -7467 path delay    310421
ptp4l[484447.046]: master offset       2905 s2 freq   -8433 path delay    307586
ptp4l[484448.056]: master offset      26142 s2 freq   -6083 path delay    294445
ptp4l[484449.047]: master offset      43036 s2 freq   -4351 path delay    277319
ptp4l[484450.047]: master offset      23227 s2 freq   -6308 path delay    296672
ptp4l[484451.111]: master offset      20723 s2 freq   -6538 path delay    296672
ptp4l[484452.047]: master offset      25870 s2 freq   -5998 path delay    285764
ptp4l[484453.196]: master offset      27592 s2 freq   -5798 path delay    285764
ptp4l[484454.048]: master offset      49961 s2 freq   -3511 path delay    269369
ptp4l[484455.411]: master offset      43996 s2 freq   -4063 path delay    269369
ptp4l[484456.073]: master offset       9452 s2 freq   -7508 path delay    285764
ptp4l[484457.049]: master offset        597 s2 freq   -8393 path delay    304437
ptp4l[484458.058]: master offset      45352 s2 freq   -3872 path delay    304437
ptp4l[484459.049]: master offset      37733 s2 freq   -4597 path delay    264675
ptp4l[484460.163]: master offset      80804 s2 freq    -209 path delay    264675
ptp4l[484461.049]: master offset      13361 s2 freq   -6940 path delay    281069
ptp4l[484462.910]: master offset      36503 s2 freq   -4589 path delay    281069
ptp4l[484463.059]: master offset      45989 s2 freq   -3594 path delay    285086
ptp4l[484464.639]: master offset      30533 s2 freq   -5109 path delay    285086
ptp4l[484465.050]: master offset      24772 s2 freq   -5661 path delay    285086
ptp4l[484466.051]: master offset       4152 s2 freq   -7719 path delay    285086
ptp4l[484467.051]: master offset      49495 s2 freq   -3135 path delay    261283
ptp4l[484468.060]: master offset      83097 s2 freq    +309 path delay    259882
ptp4l[484469.051]: master offset       7916 s2 freq   -7202 path delay    261283
ptp4l[484470.051]: master offset      17711 s2 freq   -6204 path delay    258256
ptp4l[484471.312]: master offset      26422 s2 freq   -5307 path delay    258256
ptp4l[484472.052]: master offset       7843 s2 freq   -7157 path delay    259492
ptp4l[484473.794]: master offset      45826 s2 freq   -3313 path delay    259492
ptp4l[484474.336]: master offset        -71 s2 freq   -7903 path delay    264263
ptp4l[484475.053]: master offset      12232 s2 freq   -6660 path delay    264263
ptp4l[484476.053]: master offset      35447 s2 freq   -4303 path delay    264263
ptp4l[484477.053]: master offset      51203 s2 freq   -2676 path delay    269449
ptp4l[484478.053]: master offset      15891 s2 freq   -6192 path delay    269632
ptp4l[484479.269]: master offset      -2520 s2 freq   -8035 path delay    269632
ptp4l[484480.054]: master offset      30597 s2 freq   -4693 path delay    269632
ptp4l[484481.054]: master offset      -4421 s2 freq   -8199 path delay    269632
ptp4l[484483.032]: master offset       3132 s2 freq   -7441 path delay    269632
ptp4l[484484.401]: master offset       2701 s2 freq   -7481 path delay    269632
ptp4l[484484.403]: master offset      23125 s2 freq   -5416 path delay    269632
ptp4l[484486.197]: master offset      -2748 s2 freq   -8006 path delay    269632
ptp4l[484486.198]: master offset      19875 s2 freq   -5724 path delay    269632
ptp4l[484487.065]: master offset      26627 s2 freq   -5022 path delay    269632
ptp4l[484488.056]: master offset       8926 s2 freq   -6783 path delay    276753
ptp4l[484489.056]: master offset     -11388 s2 freq   -8826 path delay    287768
ptp4l[484490.580]: master offset      31672 s2 freq   -4488 path delay    287768
ptp4l[484492.429]: master offset     -49750 s2 freq  -12680 path delay    301722
ptp4l[484492.429]: master offset     -36858 s2 freq  -11428 path delay    301722
ptp4l[484493.173]: master offset     -47228 s2 freq  -12512 path delay    301722
ptp4l[484494.057]: master offset      16563 s2 freq   -6116 path delay    289151
ptp4l[484495.160]: master offset      -7020 s2 freq   -8481 path delay    289151
ptp4l[484496.057]: master offset      17802 s2 freq   -5981 path delay    280514
ptp4l[484497.067]: master offset       6677 s2 freq   -7087 path delay    269727
ptp4l[484498.805]: master offset     -10479 s2 freq   -8813 path delay    271110
ptp4l[484499.058]: master offset      45204 s2 freq   -3200 path delay    245706
ptp4l[484500.058]: master offset      -5598 s2 freq   -8286 path delay    275385
ptp4l[484501.058]: master offset     -26514 s2 freq  -10404 path delay    303887
ptp4l[484502.068]: master offset       8123 s2 freq   -6932 path delay    267430
ptp4l[484503.059]: master offset      37675 s2 freq   -3939 path delay    268193
ptp4l[484504.059]: master offset      27372 s2 freq   -4942 path delay    268193
ptp4l[484505.059]: master offset      31579 s2 freq   -4490 path delay    268193
ptp4l[484506.060]: master offset      10291 s2 freq   -6608 path delay    269075
ptp4l[484507.422]: master offset        507 s2 freq   -7586 path delay    269075
ptp4l[484508.622]: master offset     -16342 s2 freq   -9287 path delay    267431
ptp4l[484509.060]: master offset     108193 s2 freq   +3274 path delay    266667
ptp4l[484510.061]: master offset      19512 s2 freq   -5574 path delay    266667
ptp4l[484511.061]: master offset      28804 s2 freq   -4616 path delay    267431
ptp4l[484512.070]: master offset       9907 s2 freq   -6496 path delay    269075
ptp4l[484513.138]: master offset     -13996 s2 freq   -8900 path delay    269075
ptp4l[484514.281]: master offset       5753 s2 freq   -6920 path delay    268993
ptp4l[484515.062]: master offset      30122 s2 freq   -4453 path delay    271511
ptp4l[484516.062]: master offset     -25893 s2 freq  -10080 path delay    282916
ptp4l[484517.072]: master offset     -20063 s2 freq   -9517 path delay    282916
ptp4l[484518.183]: master offset     -25308 s2 freq  -10067 path delay    282916
ptp4l[484519.063]: master offset     -36317 s2 freq  -11204 path delay    294696
ptp4l[484520.063]: master offset     -20624 s2 freq   -9655 path delay    294696
ptp4l[484521.063]: master offset     -12831 s2 freq   -8889 path delay    294696
ptp4l[484522.073]: master offset      -9937 s2 freq   -8610 path delay    288311
ptp4l[484523.410]: master offset      -5265 s2 freq   -8148 path delay    288311
ptp4l[484524.144]: master offset      43649 s2 freq   -3213 path delay    288311
ptp4l[484525.064]: master offset     -20842 s2 freq   -9683 path delay    324447
ptp4l[484526.064]: master offset     -13724 s2 freq   -8984 path delay    324447
ptp4l[484527.074]: master offset     -15038 s2 freq   -9131 path delay    297674
ptp4l[484528.065]: master offset     -48411 s2 freq  -12517 path delay    317223
ptp4l[484529.065]: master offset     -15048 s2 freq   -9195 path delay    297674
ptp4l[484530.066]: master offset      29997 s2 freq   -4661 path delay    297674
ptp4l[484531.066]: master offset       5521 s2 freq   -7103 path delay    297674
ptp4l[484532.075]: master offset     -37121 s2 freq  -11404 path delay    297674
ptp4l[484533.066]: master offset      13213 s2 freq   -6358 path delay    296590
ptp4l[484534.066]: master offset      29312 s2 freq   -4718 path delay    296590
ptp4l[484535.067]: master offset      25051 s2 freq   -5119 path delay    296590
ptp4l[484536.067]: master offset      -1532 s2 freq   -7779 path delay    281649
ptp4l[484537.077]: master offset      70145 s2 freq    -541 path delay    255265
ptp4l[484538.067]: master offset      37416 s2 freq   -3777 path delay    260357
ptp4l[484539.067]: master offset      41301 s2 freq   -3347 path delay    256859
ptp4l[484540.068]: master offset      43759 s2 freq   -3058 path delay    256859
ptp4l[484541.392]: master offset      32913 s2 freq   -4109 path delay    256859
ptp4l[484542.068]: master offset      79330 s2 freq    +612 path delay    251767
ptp4l[484543.068]: master offset      50555 s2 freq   -2215 path delay    251767
ptp4l[484544.069]: master offset      23834 s2 freq   -4863 path delay    251767
ptp4l[484545.279]: master offset       6858 s2 freq   -6554 path delay    251767
ptp4l[484546.834]: master offset     -18292 s2 freq   -9087 path delay    251635
ptp4l[484548.253]: master offset      22839 s2 freq   -4952 path delay    256859
ptp4l[484548.256]: master offset      26964 s2 freq   -4512 path delay    256859
ptp4l[484549.070]: master offset      35798 s2 freq   -3593 path delay    256859
ptp4l[484550.079]: master offset     -32523 s2 freq  -10457 path delay    277752
ptp4l[484551.070]: master offset     -51489 s2 freq  -12406 path delay    299060
ptp4l[484552.070]: master offset       4993 s2 freq   -6752 path delay    288010
ptp4l[484553.071]: master offset        530 s2 freq   -7198 path delay    288010
ptp4l[484554.071]: master offset     -16610 s2 freq   -8929 path delay    299060
ptp4l[484555.080]: master offset     -19581 s2 freq   -9245 path delay    311930
ptp4l[484556.071]: master offset     -11867 s2 freq   -8486 path delay    311930
ptp4l[484557.071]: master offset     -48285 s2 freq  -12176 path delay    311930
ptp4l[484558.072]: master offset      -1102 s2 freq   -7459 path delay    309840
ptp4l[484559.072]: master offset     -59884 s2 freq  -13397 path delay    335842
ptp4l[484560.091]: master offset     -61039 s2 freq  -13573 path delay    335842
ptp4l[484561.769]: master offset     -48355 s2 freq  -12353 path delay    329162
ptp4l[484562.072]: master offset      32396 s2 freq   -4246 path delay    297160
ptp4l[484563.073]: master offset      -8378 s2 freq   -8332 path delay    297160
ptp4l[484564.073]: master offset      33769 s2 freq   -4083 path delay    265805
ptp4l[484565.083]: master offset      63071 s2 freq   -1090 path delay    251108
ptp4l[484566.073]: master offset      45758 s2 freq   -2775 path delay    233146
ptp4l[484567.074]: master offset      82504 s2 freq    +982 path delay    233146
ptp4l[484568.074]: master offset      60498 s2 freq   -1158 path delay    233146
ptp4l[484569.215]: master offset      28150 s2 freq   -4365 path delay    233146
ptp4l[484570.084]: master offset      26676 s2 freq   -4486 path delay    233146
ptp4l[484571.075]: master offset      41848 s2 freq   -2927 path delay    241001
ptp4l[484572.513]: master offset      13483 s2 freq   -5750 path delay    241001
ptp4l[484573.075]: master offset      36081 s2 freq   -3454 path delay    247962
ptp4l[484574.075]: master offset      -7882 s2 freq   -7858 path delay    275591
ptp4l[484575.085]: master offset      21846 s2 freq   -4863 path delay    257755
ptp4l[484576.076]: master offset     -22552 s2 freq   -9326 path delay    266043
ptp4l[484577.076]: master offset       1016 s2 freq   -6968 path delay    256601
ptp4l[484578.076]: master offset     -21475 s2 freq   -9239 path delay    256601
ptp4l[484579.900]: master offset      -2771 s2 freq   -7371 path delay    256601
ptp4l[484581.415]: master offset      13255 s2 freq   -5755 path delay    245962
ptp4l[484582.714]: master offset       6800 s2 freq   -6394 path delay    245962
ptp4l[484582.721]: master offset     -32915 s2 freq  -10398 path delay    254249
ptp4l[484583.077]: master offset     -11345 s2 freq   -8253 path delay    254249
ptp4l[484584.145]: master offset         39 s2 freq   -7114 path delay    254249
ptp4l[484585.709]: master offset      -3657 s2 freq   -7487 path delay    240431
ptp4l[484586.078]: master offset      36810 s2 freq   -3404 path delay    251071
ptp4l[484587.078]: master offset       3581 s2 freq   -6723 path delay    268111
ptp4l[484588.518]: master offset     -11741 s2 freq   -8267 path delay    268111
ptp4l[484590.317]: master offset      37880 s2 freq   -3267 path delay    269312
ptp4l[484590.318]: master offset     -16514 s2 freq   -8723 path delay    269312
ptp4l[484592.204]: master offset      -4119 s2 freq   -7488 path delay    260197
ptp4l[484592.205]: master offset     -11767 s2 freq   -8264 path delay    260197
ptp4l[484593.216]: master offset      -9554 s2 freq   -8052 path delay    260197
ptp4l[484594.079]: master offset       -514 s2 freq   -7149 path delay    262857
ptp4l[484595.080]: master offset     -13152 s2 freq   -8426 path delay    262857
ptp4l[484596.089]: master offset      -5696 s2 freq   -7686 path delay    260197
ptp4l[484597.765]: master offset       4562 s2 freq   -6656 path delay    260197
ptp4l[484598.080]: master offset      -4731 s2 freq   -7590 path delay    257617
ptp4l[484599.182]: master offset       7372 s2 freq   -6372 path delay    257617
ptp4l[484600.081]: master offset      28751 s2 freq   -4205 path delay    257422
ptp4l[484601.090]: master offset      25349 s2 freq   -4520 path delay    258568
ptp4l[484602.081]: master offset      14733 s2 freq   -5567 path delay    254981
ptp4l[484603.081]: master offset      -3591 s2 freq   -7403 path delay    258568
ptp4l[484604.081]: master offset      23250 s2 freq   -4696 path delay    258568
ptp4l[484605.082]: master offset      11492 s2 freq   -5860 path delay    258568
ptp4l[484606.091]: master offset     -10431 s2 freq   -8063 path delay    272485
ptp4l[484607.082]: master offset     -12137 s2 freq   -8246 path delay    272485
ptp4l[484608.082]: master offset       2744 s2 freq   -6755 path delay    272485
ptp4l[484609.082]: master offset     -21810 s2 freq   -9232 path delay    272485
ptp4l[484610.995]: master offset     -16528 s2 freq   -8720 path delay    272485
ptp4l[484612.098]: master offset        705 s2 freq   -6996 path delay    262555
ptp4l[484612.924]: master offset     -10155 s2 freq   -8092 path delay    262555
ptp4l[484613.083]: master offset       3629 s2 freq   -6710 path delay    262555
ptp4l[484614.477]: master offset       3927 s2 freq   -6677 path delay    262555
ptp4l[484616.316]: master offset      -5712 s2 freq   -7646 path delay    266235
ptp4l[484617.350]: master offset      -2458 s2 freq   -7323 path delay    266235
ptp4l[484618.766]: master offset     -15022 s2 freq   -8595 path delay    277428
ptp4l[484620.404]: master offset      -1184 s2 freq   -7212 path delay    260659
ptp4l[484620.410]: master offset      22560 s2 freq   -4815 path delay    241539
ptp4l[484620.411]: master offset      25073 s2 freq   -4539 path delay    241539
ptp4l[484621.329]: master offset      38822 s2 freq   -3125 path delay    258332
ptp4l[484622.085]: master offset      11214 s2 freq   -5875 path delay    264810
ptp4l[484623.086]: master offset      10946 s2 freq   -5890 path delay    272613
ptp4l[484624.086]: master offset       2464 s2 freq   -6736 path delay    272613
ptp4l[484625.086]: master offset      13807 s2 freq   -5588 path delay    264145
ptp4l[484626.096]: master offset      20680 s2 freq   -4880 path delay    255447
ptp4l[484627.086]: master offset      -4461 s2 freq   -7399 path delay    253634
ptp4l[484628.355]: master offset      13848 s2 freq   -5554 path delay    253634
ptp4l[484629.087]: master offset       8193 s2 freq   -6111 path delay    255447
ptp4l[484630.172]: master offset     -14110 s2 freq   -8356 path delay    255447
ptp4l[484631.097]: master offset      13304 s2 freq   -5601 path delay    253634
ptp4l[484632.087]: master offset       2900 s2 freq   -6638 path delay    253634
ptp4l[484633.088]: master offset      32701 s2 freq   -3626 path delay    253634
ptp4l[484634.088]: master offset       9386 s2 freq   -5948 path delay    251953
ptp4l[484635.088]: master offset     -16500 s2 freq   -8553 path delay    266811
ptp4l[484636.693]: master offset      -8214 s2 freq   -7732 path delay    266811
ptp4l[484637.205]: master offset      29031 s2 freq   -3979 path delay    266811
ptp4l[484638.089]: master offset     -27054 s2 freq   -9615 path delay    292110
ptp4l[484639.089]: master offset     -52752 s2 freq  -12237 path delay    313306
ptp4l[484640.089]: master offset       9773 s2 freq   -5975 path delay    271782
ptp4l[484641.176]: master offset      -9365 s2 freq   -7898 path delay    271782
ptp4l[484642.089]: master offset      14893 s2 freq   -5457 path delay    261175
ptp4l[484643.090]: master offset      -3478 s2 freq   -7298 path delay    258022
ptp4l[484644.248]: master offset       -351 s2 freq   -6985 path delay    258022
ptp4l[484645.090]: master offset      15298 s2 freq   -5405 path delay    261175
ptp4l[484646.100]: master offset      17259 s2 freq   -5192 path delay    263192
ptp4l[484647.161]: master offset      -5731 s2 freq   -7497 path delay    263192
ptp4l[484648.091]: master offset      24237 s2 freq   -4476 path delay    265200
ptp4l[484649.091]: master offset     -29985 s2 freq   -9928 path delay    283548
ptp4l[484650.091]: master offset     -15569 s2 freq   -8502 path delay    288614
ptp4l[484651.101]: master offset     -40480 s2 freq  -11033 path delay    290196
ptp4l[484652.727]: master offset     -16586 s2 freq   -8661 path delay    290196
ptp4l[484653.092]: master offset      26778 s2 freq   -4297 path delay    290196
ptp4l[484654.377]: master offset     -26927 s2 freq   -9695 path delay    290196
ptp4l[484655.112]: master offset      24616 s2 freq   -4516 path delay    290196
ptp4l[484656.102]: master offset        862 s2 freq   -6890 path delay    289432
ptp4l[484657.093]: master offset      28016 s2 freq   -4147 path delay    285315
ptp4l[484658.093]: master offset      -4146 s2 freq   -7367 path delay    285315
ptp4l[484659.093]: master offset     -27255 s2 freq   -9705 path delay    275765
ptp4l[484660.093]: master offset       8697 s2 freq   -6102 path delay    265676
ptp4l[484661.103]: master offset      36184 s2 freq   -3317 path delay    265676
ptp4l[484662.094]: master offset       6808 s2 freq   -6248 path delay    262765
ptp4l[484663.094]: master offset      -2905 s2 freq   -7222 path delay    275765
ptp4l[484664.094]: master offset     -16423 s2 freq   -8590 path delay    275844
ptp4l[484665.287]: master offset     -18412 s2 freq   -8807 path delay    275844
ptp4l[484666.095]: master offset      11277 s2 freq   -5827 path delay    277050
ptp4l[484667.095]: master offset     -19736 s2 freq   -8948 path delay    280064
ptp4l[484668.599]: master offset      -2296 s2 freq   -7206 path delay    280064
ptp4l[484670.329]: master offset     -33362 s2 freq  -10346 path delay    280064
ptp4l[484671.747]: master offset     -10508 s2 freq   -8071 path delay    280064
ptp4l[484671.750]: master offset     -13452 s2 freq   -8379 path delay    275440
ptp4l[484672.096]: master offset      40610 s2 freq   -2933 path delay    275440
ptp4l[484673.096]: master offset      35394 s2 freq   -3419 path delay    267947
ptp4l[484674.620]: master offset       2540 s2 freq   -6702 path delay    267947
ptp4l[484675.097]: master offset      23750 s2 freq   -4557 path delay    259616
ptp4l[484676.097]: master offset      12079 s2 freq   -5712 path delay    249188
ptp4l[484677.624]: master offset      21938 s2 freq   -4704 path delay    249188
ptp4l[484678.098]: master offset      -5244 s2 freq   -7427 path delay    250769
ptp4l[484679.097]: master offset      -2293 s2 freq   -7135 path delay    261197
ptp4l[484680.098]: master offset      14629 s2 freq   -5428 path delay    273438
ptp4l[484681.098]: master offset     -22052 s2 freq   -9118 path delay    284097
ptp4l[484682.108]: master offset     -49319 s2 freq  -11894 path delay    298426
ptp4l[484683.495]: master offset     -35861 s2 freq  -10584 path delay    298426
ptp4l[484684.685]: master offset     -39336 s2 freq  -10971 path delay    298426
ptp4l[484685.099]: master offset     -32895 s2 freq  -10360 path delay    284097
ptp4l[484686.217]: master offset       2194 s2 freq   -6849 path delay    284097
ptp4l[484687.109]: master offset      17138 s2 freq   -5337 path delay    272380
ptp4l[484688.706]: master offset       4694 s2 freq   -6577 path delay    272380
ptp4l[484689.100]: master offset      11974 s2 freq   -5837 path delay    272380
ptp4l[484690.663]: master offset      11969 s2 freq   -5825 path delay    272380
ptp4l[484691.739]: master offset       6683 s2 freq   -6347 path delay    261094
ptp4l[484692.110]: master offset      41488 s2 freq   -2825 path delay    264408
ptp4l[484693.101]: master offset      24357 s2 freq   -4514 path delay    264408
ptp4l[484694.101]: master offset     -26129 s2 freq   -9589 path delay    278073
ptp4l[484695.101]: master offset       7822 s2 freq   -6186 path delay    264778
ptp4l[484696.422]: master offset       1420 s2 freq   -6825 path delay    264778
ptp4l[484697.257]: master offset      47378 s2 freq   -2181 path delay    262399
ptp4l[484698.102]: master offset      14822 s2 freq   -5422 path delay    264778
ptp4l[484699.221]: master offset     -11526 s2 freq   -8069 path delay    264778
ptp4l[484700.102]: master offset      21616 s2 freq   -4733 path delay    258084
ptp4l[484701.102]: master offset      13180 s2 freq   -5563 path delay    250172
ptp4l[484702.621]: master offset      12959 s2 freq   -5572 path delay    250172
ptp4l[484703.532]: master offset      21444 s2 freq   -4702 path delay    244072
ptp4l[484704.103]: master offset      30965 s2 freq   -3719 path delay    241267
ptp4l[484705.103]: master offset       2758 s2 freq   -6537 path delay    243401
ptp4l[484706.586]: master offset      12494 s2 freq   -5551 path delay    243401
ptp4l[484707.104]: master offset      10265 s2 freq   -5764 path delay    240958
ptp4l[484708.104]: master offset      41710 s2 freq   -2578 path delay    239987
ptp4l[484709.763]: master offset       5857 s2 freq   -6157 path delay    239987
ptp4l[484710.104]: master offset      41568 s2 freq   -2544 path delay    238764
ptp4l[484711.105]: master offset      29193 s2 freq   -3753 path delay    240958
ptp4l[484712.105]: master offset      -7354 s2 freq   -7415 path delay    253665
ptp4l[484713.105]: master offset     -36885 s2 freq  -10405 path delay    270476
ptp4l[484714.780]: master offset     -31773 s2 freq   -9925 path delay    270476
ptp4l[484716.135]: master offset     -52696 s2 freq  -12070 path delay    280023
ptp4l[484716.136]: master offset     177133 s2 freq  +11090 path delay    280023
ptp4l[484717.697]: master offset     -74653 s2 freq  -14163 path delay    283272
ptp4l[484718.115]: master offset      -7666 s2 freq   -7472 path delay    273509
ptp4l[484719.106]: master offset     -50199 s2 freq  -11776 path delay    273509
ptp4l[484720.126]: master offset     -42748 s2 freq  -11074 path delay    273509
ptp4l[484721.107]: master offset     -35991 s2 freq  -10434 path delay    276823
ptp4l[484722.107]: master offset     -17965 s2 freq   -8649 path delay    276823
ptp4l[484723.116]: master offset     -22589 s2 freq   -9134 path delay    276823
ptp4l[484724.646]: master offset     -33123 s2 freq  -10221 path delay    276823
ptp4l[484725.108]: master offset       4101 s2 freq   -6494 path delay    275390
ptp4l[484726.108]: master offset     -16865 s2 freq   -8608 path delay    270087
ptp4l[484727.108]: master offset      -1669 s2 freq   -7090 path delay    263625
